{"name":"editLot","status":"failed","statusDetails":{"known":false,"muted":false,"flaky":false,"message":"UnexpectedTagNameException: Element should have been \"select\" but was \"input\"\r\nScreenshot: file:/H:/New_test%202021/CoinSelenide/build/reports/tests/1624259543240.0.png\r\nPage source: file:/H:/New_test%202021/CoinSelenide/build/reports/tests/1624259543240.0.html\r\nTimeout: 6 s.\r\nCaused by: support.ui.UnexpectedTagNameException: Element should have been \"select\" but was \"input\"","trace":"UnexpectedTagNameException: Element should have been \"select\" but was \"input\"\r\nScreenshot: file:/H:/New_test%202021/CoinSelenide/build/reports/tests/1624259543240.0.png\r\nPage source: file:/H:/New_test%202021/CoinSelenide/build/reports/tests/1624259543240.0.html\r\nTimeout: 6 s.\r\nCaused by: support.ui.UnexpectedTagNameException: Element should have been \"select\" but was \"input\"\r\n\tat com.codeborne.selenide.ex.UIAssertionError.wrapToUIAssertionError(UIAssertionError.java:92)\r\n\tat com.codeborne.selenide.ex.UIAssertionError.wrapThrowable(UIAssertionError.java:77)\r\n\tat com.codeborne.selenide.ex.UIAssertionError.wrap(UIAssertionError.java:71)\r\n\tat com.codeborne.selenide.impl.SelenideElementProxy.invoke(SelenideElementProxy.java:95)\r\n\tat com.sun.proxy.$Proxy4.getSelectedText(Unknown Source)\r\n\tat Pages.LotiPagePage.parsBefore(LotiPagePage.java:168)\r\n\tat Pages.LotiPagePage.parsLot(LotiPagePage.java:160)\r\n\tat Coins.editLot(Coins.java:66)\r\n\tat sun.reflect.NativeMethodAccessorImpl.invoke0(Native Method)\r\n\tat sun.reflect.NativeMethodAccessorImpl.invoke(NativeMethodAccessorImpl.java:62)\r\n\tat sun.reflect.DelegatingMethodAccessorImpl.invoke(DelegatingMethodAccessorImpl.java:43)\r\n\tat java.lang.reflect.Method.invoke(Method.java:498)\r\n\tat org.testng.internal.MethodInvocationHelper.invokeMethod(MethodInvocationHelper.java:133)\r\n\tat org.testng.internal.TestInvoker.invokeMethod(TestInvoker.java:598)\r\n\tat org.testng.internal.TestInvoker.invokeTestMethod(TestInvoker.java:173)\r\n\tat org.testng.internal.MethodRunner.runInSequence(MethodRunner.java:46)\r\n\tat org.testng.internal.TestInvoker$MethodInvocationAgent.invoke(TestInvoker.java:824)\r\n\tat org.testng.internal.TestInvoker.invokeTestMethods(TestInvoker.java:146)\r\n\tat org.testng.internal.TestMethodWorker.invokeTestMethods(TestMethodWorker.java:146)\r\n\tat org.testng.internal.TestMethodWorker.run(TestMethodWorker.java:128)\r\n\tat java.util.ArrayList.forEach(ArrayList.java:1257)\r\n\tat org.testng.TestRunner.privateRun(TestRunner.java:794)\r\n\tat org.testng.TestRunner.run(TestRunner.java:596)\r\n\tat org.testng.SuiteRunner.runTest(SuiteRunner.java:377)\r\n\tat org.testng.SuiteRunner.runSequentially(SuiteRunner.java:371)\r\n\tat org.testng.SuiteRunner.privateRun(SuiteRunner.java:332)\r\n\tat org.testng.SuiteRunner.run(SuiteRunner.java:276)\r\n\tat org.testng.SuiteRunnerWorker.runSuite(SuiteRunnerWorker.java:53)\r\n\tat org.testng.SuiteRunnerWorker.run(SuiteRunnerWorker.java:96)\r\n\tat org.testng.TestNG.runSuitesSequentially(TestNG.java:1212)\r\n\tat org.testng.TestNG.runSuitesLocally(TestNG.java:1134)\r\n\tat org.testng.TestNG.runSuites(TestNG.java:1063)\r\n\tat org.testng.TestNG.run(TestNG.java:1031)\r\n\tat com.intellij.rt.testng.IDEARemoteTestNG.run(IDEARemoteTestNG.java:66)\r\n\tat com.intellij.rt.testng.RemoteTestNGStarter.main(RemoteTestNGStarter.java:109)\r\nCaused by: org.openqa.selenium.support.ui.UnexpectedTagNameException: Element should have been \"select\" but was \"input\"\nBuild info: version: '3.141.59', revision: 'e82be7d358', time: '2018-11-14T08:17:03'\nSystem info: host: 'DESKTOP-F1KEKHD', ip: '10.8.32.142', os.name: 'Windows 10', os.arch: 'amd64', os.version: '10.0', java.version: '1.8.0_191'\nDriver info: driver.version: unknown\r\n\tat org.openqa.selenium.support.ui.Select.<init>(Select.java:48)\r\n\tat com.codeborne.selenide.commands.GetSelectedOption.execute(GetSelectedOption.java:21)\r\n\tat com.codeborne.selenide.commands.GetSelectedText.execute(GetSelectedText.java:29)\r\n\tat com.codeborne.selenide.commands.GetSelectedText.execute(GetSelectedText.java:13)\r\n\tat com.codeborne.selenide.commands.Commands.execute(Commands.java:155)\r\n\tat com.codeborne.selenide.impl.SelenideElementProxy.dispatchAndRetry(SelenideElementProxy.java:133)\r\n\tat com.codeborne.selenide.impl.SelenideElementProxy.invoke(SelenideElementProxy.java:85)\r\n\t... 31 more\r\n"},"stage":"finished","steps":[],"attachments":[],"parameters":[],"start":1624259531880,"stop":1624259543557,"uuid":"7236fe04-b1d4-4f22-a171-dae23abb6603","historyId":"8abfc4f2199225c11642d356e23881b0","fullName":"Coins.editLot","labels":[{"name":"package","value":"Coins"},{"name":"testClass","value":"Coins"},{"name":"testMethod","value":"editLot"},{"name":"parentSuite","value":"Default Suite"},{"name":"suite","value":"CoinSelenide"},{"name":"subSuite","value":"Coins"},{"name":"host","value":"DESKTOP-F1KEKHD"},{"name":"thread","value":"15984@DESKTOP-F1KEKHD.main(1)"},{"name":"framework","value":"testng"},{"name":"language","value":"java"}],"links":[]}